<?xml version="1.0" encoding="UTF-8"?>
<!-- Generated by org.testng.reporters.JUnitReportReporter -->
<testsuite skipped="0" hostname="DESKTOP-3JLO7HD" name="academy.HomePage" tests="2" failures="0" timestamp="05 Jul 2020 04:14:51 GMT" time="51.049" errors="0">
  <testcase name="basePageNavigation" time="25.107" classname="academy.HomePage"/>
  <testcase name="basePageNavigation" time="25.942" classname="academy.HomePage"/>
</testsuite> <!-- academy.HomePage -->
