<?xml version="1.0" encoding="UTF-8"?>
<!-- Generated by org.testng.reporters.JUnitReportReporter -->
<testsuite skipped="0" hostname="DESKTOP-3JLO7HD" name="academy.validateTitle" tests="1" failures="0" timestamp="05 Jul 2020 04:14:51 GMT" time="34.158" errors="0">
  <testcase name="basePageNavigation" time="34.158" classname="academy.validateTitle"/>
</testsuite> <!-- academy.validateTitle -->
