<?xml version="1.0" encoding="UTF-8"?>
<!-- Generated by org.testng.reporters.JUnitReportReporter -->
<testsuite skipped="0" hostname="DESKTOP-3JLO7HD" name="academy.validateNavigationBar" tests="1" failures="0" timestamp="05 Jul 2020 09:57:22 GMT" time="52.056" errors="0">
  <testcase name="basePageNavigation" time="52.056" classname="academy.validateNavigationBar"/>
</testsuite> <!-- academy.validateNavigationBar -->
