<?xml version="1.0" encoding="UTF-8"?>
<!-- Generated by org.testng.reporters.JUnitReportReporter -->
<testsuite skipped="0" hostname="DESKTOP-3JLO7HD" name="academy.HomePage" tests="2" failures="0" timestamp="05 Jul 2020 09:57:22 GMT" time="68.252" errors="0">
  <testcase name="basePageNavigation" time="30.652" classname="academy.HomePage"/>
  <testcase name="basePageNavigation" time="37.600" classname="academy.HomePage"/>
</testsuite> <!-- academy.HomePage -->
