<?xml version="1.0" encoding="UTF-8"?>
<!-- Generated by org.testng.reporters.JUnitReportReporter -->
<testsuite skipped="0" hostname="DESKTOP-3JLO7HD" name="academy.validateTitle" tests="1" failures="0" timestamp="05 Jul 2020 09:57:22 GMT" time="29.316" errors="0">
  <testcase name="basePageNavigation" time="29.316" classname="academy.validateTitle"/>
</testsuite> <!-- academy.validateTitle -->
